\BOOKMARK [0][]{chapter*.2}{Mathematische Notation}{}% 1
\BOOKMARK [0][]{chapter.1}{Einleitung}{}% 2
\BOOKMARK [1][-]{section.1.1}{Motivation und Hintergrund}{chapter.1}% 3
\BOOKMARK [1][-]{section.1.2}{Aufbau der Arbeit}{chapter.1}% 4
\BOOKMARK [0][]{chapter.2}{Berechnungen}{}% 5
\BOOKMARK [1][-]{section.2.1}{Bestimmung der Bewegung}{chapter.2}% 6
\BOOKMARK [2][-]{subsection.2.1.1}{BoundigBox Methode}{section.2.1}% 7
\BOOKMARK [2][-]{subsection.2.1.2}{BoundingSphere Methode}{section.2.1}% 8
\BOOKMARK [1][-]{section.2.2}{Bestimmung der Pose}{chapter.2}% 9
\BOOKMARK [2][-]{subsection.2.2.1}{BoundingBox Methode}{section.2.2}% 10
\BOOKMARK [2][-]{subsection.2.2.2}{Proportionalit\344ts Methode}{section.2.2}% 11
\BOOKMARK [1][-]{section.2.3}{Bestimmung der Blickrichtung}{chapter.2}% 12
\BOOKMARK [2][-]{subsection.2.3.1}{R\374ckprojektions Methode}{section.2.3}% 13
\BOOKMARK [2][-]{subsection.2.3.2}{Historgamm Methode}{section.2.3}% 14
\BOOKMARK [0][]{chapter.3}{Abschluss}{}% 15
\BOOKMARK [1][-]{section.3.1}{Evaluation}{chapter.3}% 16
\BOOKMARK [1][-]{section.3.2}{Ausblick}{chapter.3}% 17
\BOOKMARK [0][]{appendix.A}{Weitere Informationen}{}% 18
\BOOKMARK [0][]{appendix*.5}{Abbildungsverzeichnis}{}% 19
\BOOKMARK [0][]{appendix*.6}{Algorithmenverzeichnis}{}% 20
\BOOKMARK [0][]{appendix*.7}{Quellcodeverzeichnis}{}% 21
\BOOKMARK [0][]{appendix*.7}{Literaturverzeichnis}{}% 22
